Loading Camel ...
... done.
Number of basins: 562
Sequence length: 10957
Num of cpus: 72
Num of gpus: 0
Training device: cpu
Number of workers: 0
Train basins: 393
Validation basins: 84
Test basins: 85
Split indices for test dataset:  [394, 69, 366, 337, 407, 174, 354, 4, 546, 161, 364, 143, 255, 404, 135, 70, 427, 28, 307, 502, 316, 303, 64, 228, 237, 243, 448, 65, 344, 513, 82, 342, 456, 397, 191, 271, 266, 339, 179, 288, 329, 323, 332, 93, 123, 98, 178, 378, 305, 359, 281, 242, 531, 481, 545, 414, 503, 484, 111, 147, 475, 434, 18, 401, 375, 496, 420, 176, 124, 244, 193, 190, 181, 549, 226, 454, 12, 482, 500, 247, 410, 185, 167, 107, 406]
LSTM initialized
Convolutional LSTM Autoencoder initialized
LSTM initialized
NSE statistics
            LSTM  LSTM-AE-27-Features  LSTM+NOISE-27
count  85.000000            85.000000      85.000000
mean    0.456771             0.652411       0.418212
std     0.293329             0.184262       0.255035
min    -1.224047            -0.395260      -1.170181
25%     0.396881             0.608311       0.329284
50%     0.529957             0.684260       0.445348
75%     0.597498             0.764932       0.546656
max     0.806950             0.899147       0.827044
mNSE statistics
               LSTM  LSTM-AE-27-Features  LSTM+NOISE-27
count  8.500000e+01         8.500000e+01   8.500000e+01
mean  -2.973220e-07         7.236705e-07  -8.414774e-09
std    2.510893e-06         5.987376e-06   4.135828e-07
min   -2.002716e-05        -1.335144e-05  -1.668930e-06
25%   -2.384186e-07        -3.576279e-07  -1.192093e-07
50%   -1.192093e-07         5.960464e-08   0.000000e+00
75%    2.980232e-07         4.172325e-07   1.788139e-07
max    4.470348e-06         4.941225e-05   1.251698e-06


Batch Job Summary Report (version 21.01.1) for Job "analysis_basins" (44786266) on daint

Job information (1/2)
-----------------------------------------------------------------------------------------------------
             Submit            Eligible               Start                 End    Elapsed Time limit
------------------- ------------------- ------------------- ------------------- ---------- ----------
2023-02-13T13:14:30 2023-02-13T13:14:30 2023-02-13T13:14:36 2023-02-13T13:37:33   00:22:57 1-00:00:00
-----------------------------------------------------------------------------------------------------

Job information (2/2)
-------------------------------------------------------------
    Username      Account    Partition   NNodes        Energy
------------ ------------ ------------ -------- -------------
      abassi         em09       normal        1    155.014 kJ

